<?xml version="1.0" encoding="UTF-8"?>
<!-- Generated by org.testng.reporters.JUnitXMLReporter -->
<testsuite hostname="iDeliver20-PC" name="Test" tests="4" failures="0" timestamp="23 Dec 2020 16:01:44 GMT" time="61.648" errors="0">
  <testcase name="Login_Test" time="8.61" classname="testCases.ICEHRM_LoginTest"/>
  <testcase name="Punch_In_Test" time="8.072" classname="testCases.ICEHRM_LoginTest"/>
  <testcase name="Leave_Test" time="13.176" classname="testCases.ICEHRM_LoginTest"/>
  <testcase name="Punch_Out_Test" time="8.351" classname="testCases.ICEHRM_LoginTest"/>
</testsuite> <!-- Test -->
