<?xml version="1.0" encoding="UTF-8"?>
<testng-results skipped="0" failed="1" total="2" passed="1">
  <reporter-output>
    <line>
      <![CDATA[ Description Login Validation Actual User Must logged in Expected User Successfullylogged in]]>
    </line>
  </reporter-output>
  <suite name="Default suite" duration-ms="58711" started-at="2021-01-27T09:53:40Z" finished-at="2021-01-27T09:54:38Z">
    <groups>
    </groups>
    <test name="Default test" duration-ms="58711" started-at="2021-01-27T09:53:40Z" finished-at="2021-01-27T09:54:38Z">
      <class name="testCases.ICEHRM_AdminTravelTest">
        <test-method status="PASS" signature="beforeSuite(org.testng.ITestContext)[pri:0, instance:testCases.ICEHRM_AdminTravelTest@647e447]" name="beforeSuite" is-config="true" duration-ms="18766" started-at="2021-01-27T15:23:40Z" finished-at="2021-01-27T15:23:59Z">
          <params>
            <param index="0">
              <value>
                <![CDATA[org.testng.TestRunner@5e922647]]>
              </value>
            </param>
          </params>
          <reporter-output>
          </reporter-output>
        </test-method> <!-- beforeSuite -->
        <test-method status="PASS" signature="init()[pri:0, instance:testCases.ICEHRM_AdminTravelTest@647e447]" name="init" is-config="true" duration-ms="119" started-at="2021-01-27T15:23:59Z" finished-at="2021-01-27T15:23:59Z">
          <reporter-output>
          </reporter-output>
        </test-method> <!-- init -->
        <test-method status="PASS" signature="loginTest()[pri:1, instance:testCases.ICEHRM_AdminTravelTest@647e447]" name="loginTest" duration-ms="9759" started-at="2021-01-27T15:23:59Z" finished-at="2021-01-27T15:24:08Z">
          <reporter-output>
          </reporter-output>
        </test-method> <!-- loginTest -->
        <test-method status="PASS" signature="checkMethodStatus(org.testng.ITestResult)[pri:0, instance:testCases.ICEHRM_AdminTravelTest@647e447]" name="checkMethodStatus" is-config="true" duration-ms="1358" started-at="2021-01-27T15:24:08Z" finished-at="2021-01-27T15:24:10Z">
          <params>
            <param index="0">
              <value>
                <![CDATA[[TestResult name=loginTest status=SUCCESS method=ICEHRM_AdminTravelTest.loginTest()[pri:1, instance:testCases.ICEHRM_AdminTravelTest@647e447] output={null}]]]>
              </value>
            </param>
          </params>
          <reporter-output>
            <line>
              <![CDATA[ Description Login Validation Actual User Must logged in Expected User Successfullylogged in]]>
            </line>
          </reporter-output>
        </test-method> <!-- checkMethodStatus -->
        <test-method status="FAIL" signature="adminTravelPageTest()[pri:2, instance:testCases.ICEHRM_AdminTravelTest@647e447]" name="adminTravelPageTest" duration-ms="25199" started-at="2021-01-27T15:24:10Z" depends-on-methods="testCases.ICEHRM_AdminTravelTest.loginTest" finished-at="2021-01-27T15:24:35Z">
          <exception class="java.lang.NullPointerException">
            <full-stacktrace>
              <![CDATA[java.lang.NullPointerException
	at utils.General_Functions.empTravelActivity(General_Functions.java:115)
	at testCases.ICEHRM_AdminTravelTest.adminTravelPageTest(ICEHRM_AdminTravelTest.java:32)
	at sun.reflect.NativeMethodAccessorImpl.invoke0(Native Method)
	at sun.reflect.NativeMethodAccessorImpl.invoke(NativeMethodAccessorImpl.java:62)
	at sun.reflect.DelegatingMethodAccessorImpl.invoke(DelegatingMethodAccessorImpl.java:43)
	at java.lang.reflect.Method.invoke(Method.java:498)
	at org.testng.internal.MethodInvocationHelper.invokeMethod(MethodInvocationHelper.java:86)
	at org.testng.internal.Invoker.invokeMethod(Invoker.java:643)
	at org.testng.internal.Invoker.invokeTestMethod(Invoker.java:820)
	at org.testng.internal.Invoker.invokeTestMethods(Invoker.java:1128)
	at org.testng.internal.TestMethodWorker.invokeTestMethods(TestMethodWorker.java:129)
	at org.testng.internal.TestMethodWorker.run(TestMethodWorker.java:112)
	at org.testng.TestRunner.privateRun(TestRunner.java:782)
	at org.testng.TestRunner.run(TestRunner.java:632)
	at org.testng.SuiteRunner.runTest(SuiteRunner.java:366)
	at org.testng.SuiteRunner.runSequentially(SuiteRunner.java:361)
	at org.testng.SuiteRunner.privateRun(SuiteRunner.java:319)
	at org.testng.SuiteRunner.run(SuiteRunner.java:268)
	at org.testng.SuiteRunnerWorker.runSuite(SuiteRunnerWorker.java:52)
	at org.testng.SuiteRunnerWorker.run(SuiteRunnerWorker.java:86)
	at org.testng.TestNG.runSuitesSequentially(TestNG.java:1244)
	at org.testng.TestNG.runSuitesLocally(TestNG.java:1169)
	at org.testng.TestNG.run(TestNG.java:1064)
	at org.testng.remote.AbstractRemoteTestNG.run(AbstractRemoteTestNG.java:126)
	at org.testng.remote.RemoteTestNG.initAndRun(RemoteTestNG.java:137)
	at org.testng.remote.RemoteTestNG.main(RemoteTestNG.java:58)
]]>
            </full-stacktrace>
          </exception> <!-- java.lang.NullPointerException -->
          <reporter-output>
          </reporter-output>
        </test-method> <!-- adminTravelPageTest -->
        <test-method status="PASS" signature="checkMethodStatus(org.testng.ITestResult)[pri:0, instance:testCases.ICEHRM_AdminTravelTest@647e447]" name="checkMethodStatus" is-config="true" duration-ms="550" started-at="2021-01-27T15:24:35Z" finished-at="2021-01-27T15:24:36Z">
          <params>
            <param index="0">
              <value>
                <![CDATA[[TestResult name=adminTravelPageTest status=FAILURE method=ICEHRM_AdminTravelTest.adminTravelPageTest()[pri:2, instance:testCases.ICEHRM_AdminTravelTest@647e447] output={null}]]]>
              </value>
            </param>
          </params>
          <reporter-output>
          </reporter-output>
        </test-method> <!-- checkMethodStatus -->
        <test-method status="PASS" signature="afterSuite()[pri:0, instance:testCases.ICEHRM_AdminTravelTest@647e447]" name="afterSuite" is-config="true" duration-ms="2882" started-at="2021-01-27T15:24:36Z" finished-at="2021-01-27T15:24:38Z">
          <reporter-output>
          </reporter-output>
        </test-method> <!-- afterSuite -->
      </class> <!-- testCases.ICEHRM_AdminTravelTest -->
    </test> <!-- Default test -->
  </suite> <!-- Default suite -->
</testng-results>
